<?xml version="1.0" encoding="UTF-8"?>
<!-- Generated by org.testng.reporters.JUnitReportReporter -->
<testsuite hostname="DESKTOP-R60UJSG" failures="0" tests="1" name="FirstSeleniumTest" time="10.882" errors="0" timestamp="20 kwi 2020 07:14:29 GMT" skipped="0">
  <testcase classname="FirstSeleniumTest" name="googleOpenTest" time="10.882"/>
</testsuite> <!-- FirstSeleniumTest -->
